
> blackout@0.1.0 build
> next build

▲ Next.js 16.1.3 (Turbopack)
- Environments: .env.local

  Creating an optimized production build ...
✓ Compiled successfully in 15.3s
  Skipping validation of types
  Collecting page data using 7 workers ...
  Generating static pages using 7 workers (0/6) ...
useStoryManager used without StoryManagerProvider
  Generating static pages using 7 workers (1/6) 
  Generating static pages using 7 workers (2/6) 
  Generating static pages using 7 workers (4/6) 
✓ Generating static pages using 7 workers (6/6) in 2.4s
  Finalizing page optimization ...

Route (app)
┌ ○ /
├ ○ /_not-found
├ ○ /login
└ ○ /select-crew


○  (Static)  prerendered as static content

